Determining if the pthread_create exist failed with the following output:
Change Dir: /home/akila/ROSWS/simws/build/CMakeFiles/CMakeTmp

Run Build Command:/usr/bin/make "cmTryCompileExec2074588751/fast"
/usr/bin/make -f CMakeFiles/cmTryCompileExec2074588751.dir/build.make CMakeFiles/cmTryCompileExec2074588751.dir/build
make[1]: Entering directory `/home/akila/ROSWS/simws/build/CMakeFiles/CMakeTmp'
/usr/bin/cmake -E cmake_progress_report /home/akila/ROSWS/simws/build/CMakeFiles/CMakeTmp/CMakeFiles 1
Building C object CMakeFiles/cmTryCompileExec2074588751.dir/CheckSymbolExists.c.o
/usr/bin/cc    -o CMakeFiles/cmTryCompileExec2074588751.dir/CheckSymbolExists.c.o   -c /home/akila/ROSWS/simws/build/CMakeFiles/CMakeTmp/CheckSymbolExists.c
Linking C executable cmTryCompileExec2074588751
/usr/bin/cmake -E cmake_link_script CMakeFiles/cmTryCompileExec2074588751.dir/link.txt --verbose=1
/usr/bin/cc       CMakeFiles/cmTryCompileExec2074588751.dir/CheckSymbolExists.c.o  -o cmTryCompileExec2074588751 -rdynamic 
CMakeFiles/cmTryCompileExec2074588751.dir/CheckSymbolExists.c.o: In function `main':
CheckSymbolExists.c:(.text+0x16): undefined reference to `pthread_create'
collect2: error: ld returned 1 exit status
make[1]: *** [cmTryCompileExec2074588751] Error 1
make[1]: Leaving directory `/home/akila/ROSWS/simws/build/CMakeFiles/CMakeTmp'
make: *** [cmTryCompileExec2074588751/fast] Error 2

File /home/akila/ROSWS/simws/build/CMakeFiles/CMakeTmp/CheckSymbolExists.c:
/* */
#include <pthread.h>

int main(int argc, char** argv)
{
  (void)argv;
#ifndef pthread_create
  return ((int*)(&pthread_create))[argc];
#else
  (void)argc;
  return 0;
#endif
}

Determining if the function pthread_create exists in the pthreads failed with the following output:
Change Dir: /home/akila/ROSWS/simws/build/CMakeFiles/CMakeTmp

Run Build Command:/usr/bin/make "cmTryCompileExec821384962/fast"
/usr/bin/make -f CMakeFiles/cmTryCompileExec821384962.dir/build.make CMakeFiles/cmTryCompileExec821384962.dir/build
make[1]: Entering directory `/home/akila/ROSWS/simws/build/CMakeFiles/CMakeTmp'
/usr/bin/cmake -E cmake_progress_report /home/akila/ROSWS/simws/build/CMakeFiles/CMakeTmp/CMakeFiles 1
Building C object CMakeFiles/cmTryCompileExec821384962.dir/CheckFunctionExists.c.o
/usr/bin/cc   -DCHECK_FUNCTION_EXISTS=pthread_create   -o CMakeFiles/cmTryCompileExec821384962.dir/CheckFunctionExists.c.o   -c /usr/share/cmake-2.8/Modules/CheckFunctionExists.c
Linking C executable cmTryCompileExec821384962
/usr/bin/cmake -E cmake_link_script CMakeFiles/cmTryCompileExec821384962.dir/link.txt --verbose=1
/usr/bin/cc   -DCHECK_FUNCTION_EXISTS=pthread_create    CMakeFiles/cmTryCompileExec821384962.dir/CheckFunctionExists.c.o  -o cmTryCompileExec821384962 -rdynamic -lpthreads 
/usr/bin/ld: cannot find -lpthreads
collect2: error: ld returned 1 exit status
make[1]: Leaving directory `/home/akila/ROSWS/simws/build/CMakeFiles/CMakeTmp'
make[1]: *** [cmTryCompileExec821384962] Error 1
make: *** [cmTryCompileExec821384962/fast] Error 2


