Determining if the pthread_create exist failed with the following output:
Change Dir: /home/akila/ROSWS/tutws/build/CMakeFiles/CMakeTmp

Run Build Command:/usr/bin/make "cmTryCompileExec46347687/fast"
/usr/bin/make -f CMakeFiles/cmTryCompileExec46347687.dir/build.make CMakeFiles/cmTryCompileExec46347687.dir/build
make[1]: Entering directory `/home/akila/ROSWS/tutws/build/CMakeFiles/CMakeTmp'
/usr/bin/cmake -E cmake_progress_report /home/akila/ROSWS/tutws/build/CMakeFiles/CMakeTmp/CMakeFiles 1
Building C object CMakeFiles/cmTryCompileExec46347687.dir/CheckSymbolExists.c.o
/usr/bin/cc    -o CMakeFiles/cmTryCompileExec46347687.dir/CheckSymbolExists.c.o   -c /home/akila/ROSWS/tutws/build/CMakeFiles/CMakeTmp/CheckSymbolExists.c
Linking C executable cmTryCompileExec46347687
/usr/bin/cmake -E cmake_link_script CMakeFiles/cmTryCompileExec46347687.dir/link.txt --verbose=1
/usr/bin/cc       CMakeFiles/cmTryCompileExec46347687.dir/CheckSymbolExists.c.o  -o cmTryCompileExec46347687 -rdynamic 
CMakeFiles/cmTryCompileExec46347687.dir/CheckSymbolExists.c.o: In function `main':
CheckSymbolExists.c:(.text+0x16): undefined reference to `pthread_create'
collect2: error: ld returned 1 exit status
make[1]: *** [cmTryCompileExec46347687] Error 1
make[1]: Leaving directory `/home/akila/ROSWS/tutws/build/CMakeFiles/CMakeTmp'
make: *** [cmTryCompileExec46347687/fast] Error 2

File /home/akila/ROSWS/tutws/build/CMakeFiles/CMakeTmp/CheckSymbolExists.c:
/* */
#include <pthread.h>

int main(int argc, char** argv)
{
  (void)argv;
#ifndef pthread_create
  return ((int*)(&pthread_create))[argc];
#else
  (void)argc;
  return 0;
#endif
}

Determining if the function pthread_create exists in the pthreads failed with the following output:
Change Dir: /home/akila/ROSWS/tutws/build/CMakeFiles/CMakeTmp

Run Build Command:/usr/bin/make "cmTryCompileExec175013394/fast"
/usr/bin/make -f CMakeFiles/cmTryCompileExec175013394.dir/build.make CMakeFiles/cmTryCompileExec175013394.dir/build
make[1]: Entering directory `/home/akila/ROSWS/tutws/build/CMakeFiles/CMakeTmp'
/usr/bin/cmake -E cmake_progress_report /home/akila/ROSWS/tutws/build/CMakeFiles/CMakeTmp/CMakeFiles 1
Building C object CMakeFiles/cmTryCompileExec175013394.dir/CheckFunctionExists.c.o
/usr/bin/cc   -DCHECK_FUNCTION_EXISTS=pthread_create   -o CMakeFiles/cmTryCompileExec175013394.dir/CheckFunctionExists.c.o   -c /usr/share/cmake-2.8/Modules/CheckFunctionExists.c
Linking C executable cmTryCompileExec175013394
/usr/bin/cmake -E cmake_link_script CMakeFiles/cmTryCompileExec175013394.dir/link.txt --verbose=1
/usr/bin/cc   -DCHECK_FUNCTION_EXISTS=pthread_create    CMakeFiles/cmTryCompileExec175013394.dir/CheckFunctionExists.c.o  -o cmTryCompileExec175013394 -rdynamic -lpthreads 
/usr/bin/ld: cannot find -lpthreads
collect2: error: ld returned 1 exit status
make[1]: *** [cmTryCompileExec175013394] Error 1
make[1]: Leaving directory `/home/akila/ROSWS/tutws/build/CMakeFiles/CMakeTmp'
make: *** [cmTryCompileExec175013394/fast] Error 2


