Determining if the pthread_create exist failed with the following output:
Change Dir: /home/parallels/ROSWS/tumws/build/CMakeFiles/CMakeTmp

Run Build Command:/usr/bin/make "cmTryCompileExec3989608426/fast"
/usr/bin/make -f CMakeFiles/cmTryCompileExec3989608426.dir/build.make CMakeFiles/cmTryCompileExec3989608426.dir/build
make[1]: Entering directory `/home/parallels/ROSWS/tumws/build/CMakeFiles/CMakeTmp'
/usr/bin/cmake -E cmake_progress_report /home/parallels/ROSWS/tumws/build/CMakeFiles/CMakeTmp/CMakeFiles 1
Building C object CMakeFiles/cmTryCompileExec3989608426.dir/CheckSymbolExists.c.o
/usr/bin/cc    -o CMakeFiles/cmTryCompileExec3989608426.dir/CheckSymbolExists.c.o   -c /home/parallels/ROSWS/tumws/build/CMakeFiles/CMakeTmp/CheckSymbolExists.c
Linking C executable cmTryCompileExec3989608426
/usr/bin/cmake -E cmake_link_script CMakeFiles/cmTryCompileExec3989608426.dir/link.txt --verbose=1
/usr/bin/cc       CMakeFiles/cmTryCompileExec3989608426.dir/CheckSymbolExists.c.o  -o cmTryCompileExec3989608426 -rdynamic 
CMakeFiles/cmTryCompileExec3989608426.dir/CheckSymbolExists.c.o: In function `main':
CheckSymbolExists.c:(.text+0x16): undefined reference to `pthread_create'
collect2: error: ld returned 1 exit status
make[1]: *** [cmTryCompileExec3989608426] Error 1
make[1]: Leaving directory `/home/parallels/ROSWS/tumws/build/CMakeFiles/CMakeTmp'
make: *** [cmTryCompileExec3989608426/fast] Error 2

File /home/parallels/ROSWS/tumws/build/CMakeFiles/CMakeTmp/CheckSymbolExists.c:
/* */
#include <pthread.h>

int main(int argc, char** argv)
{
  (void)argv;
#ifndef pthread_create
  return ((int*)(&pthread_create))[argc];
#else
  (void)argc;
  return 0;
#endif
}

Determining if the function pthread_create exists in the pthreads failed with the following output:
Change Dir: /home/parallels/ROSWS/tumws/build/CMakeFiles/CMakeTmp

Run Build Command:/usr/bin/make "cmTryCompileExec1187843886/fast"
/usr/bin/make -f CMakeFiles/cmTryCompileExec1187843886.dir/build.make CMakeFiles/cmTryCompileExec1187843886.dir/build
make[1]: Entering directory `/home/parallels/ROSWS/tumws/build/CMakeFiles/CMakeTmp'
/usr/bin/cmake -E cmake_progress_report /home/parallels/ROSWS/tumws/build/CMakeFiles/CMakeTmp/CMakeFiles 1
Building C object CMakeFiles/cmTryCompileExec1187843886.dir/CheckFunctionExists.c.o
/usr/bin/cc   -DCHECK_FUNCTION_EXISTS=pthread_create   -o CMakeFiles/cmTryCompileExec1187843886.dir/CheckFunctionExists.c.o   -c /usr/share/cmake-2.8/Modules/CheckFunctionExists.c
Linking C executable cmTryCompileExec1187843886
/usr/bin/cmake -E cmake_link_script CMakeFiles/cmTryCompileExec1187843886.dir/link.txt --verbose=1
/usr/bin/cc   -DCHECK_FUNCTION_EXISTS=pthread_create    CMakeFiles/cmTryCompileExec1187843886.dir/CheckFunctionExists.c.o  -o cmTryCompileExec1187843886 -rdynamic -lpthreads 
/usr/bin/ld: cannot find -lpthreads
collect2: error: ld returned 1 exit status
make[1]: Leaving directory `/home/parallels/ROSWS/tumws/build/CMakeFiles/CMakeTmp'
make[1]: *** [cmTryCompileExec1187843886] Error 1
make: *** [cmTryCompileExec1187843886/fast] Error 2


Determining if the Q_WS_WIN exist failed with the following output:
Change Dir: /home/parallels/ROSWS/tumws/build/CMakeFiles/CMakeTmp

Run Build Command:/usr/bin/make "cmTryCompileExec2241102590/fast"
/usr/bin/make -f CMakeFiles/cmTryCompileExec2241102590.dir/build.make CMakeFiles/cmTryCompileExec2241102590.dir/build
make[1]: Entering directory `/home/parallels/ROSWS/tumws/build/CMakeFiles/CMakeTmp'
/usr/bin/cmake -E cmake_progress_report /home/parallels/ROSWS/tumws/build/CMakeFiles/CMakeTmp/CMakeFiles 1
Building CXX object CMakeFiles/cmTryCompileExec2241102590.dir/CheckSymbolExists.cxx.o
/usr/bin/c++    -I/usr/include/qt4    -o CMakeFiles/cmTryCompileExec2241102590.dir/CheckSymbolExists.cxx.o -c /home/parallels/ROSWS/tumws/build/CMakeFiles/CMakeTmp/CheckSymbolExists.cxx
/home/parallels/ROSWS/tumws/build/CMakeFiles/CMakeTmp/CheckSymbolExists.cxx: In function ‘int main(int, char**)’:
/home/parallels/ROSWS/tumws/build/CMakeFiles/CMakeTmp/CheckSymbolExists.cxx:8:19: error: ‘Q_WS_WIN’ was not declared in this scope
   return ((int*)(&Q_WS_WIN))[argc];
                   ^
make[1]: *** [CMakeFiles/cmTryCompileExec2241102590.dir/CheckSymbolExists.cxx.o] Error 1
make[1]: Leaving directory `/home/parallels/ROSWS/tumws/build/CMakeFiles/CMakeTmp'
make: *** [cmTryCompileExec2241102590/fast] Error 2

File /home/parallels/ROSWS/tumws/build/CMakeFiles/CMakeTmp/CheckSymbolExists.cxx:
/* */
#include <QtCore/qglobal.h>

int main(int argc, char** argv)
{
  (void)argv;
#ifndef Q_WS_WIN
  return ((int*)(&Q_WS_WIN))[argc];
#else
  (void)argc;
  return 0;
#endif
}

Determining if the Q_WS_QWS exist failed with the following output:
Change Dir: /home/parallels/ROSWS/tumws/build/CMakeFiles/CMakeTmp

Run Build Command:/usr/bin/make "cmTryCompileExec1791798419/fast"
/usr/bin/make -f CMakeFiles/cmTryCompileExec1791798419.dir/build.make CMakeFiles/cmTryCompileExec1791798419.dir/build
make[1]: Entering directory `/home/parallels/ROSWS/tumws/build/CMakeFiles/CMakeTmp'
/usr/bin/cmake -E cmake_progress_report /home/parallels/ROSWS/tumws/build/CMakeFiles/CMakeTmp/CMakeFiles 1
Building CXX object CMakeFiles/cmTryCompileExec1791798419.dir/CheckSymbolExists.cxx.o
/usr/bin/c++    -I/usr/include/qt4    -o CMakeFiles/cmTryCompileExec1791798419.dir/CheckSymbolExists.cxx.o -c /home/parallels/ROSWS/tumws/build/CMakeFiles/CMakeTmp/CheckSymbolExists.cxx
/home/parallels/ROSWS/tumws/build/CMakeFiles/CMakeTmp/CheckSymbolExists.cxx: In function ‘int main(int, char**)’:
/home/parallels/ROSWS/tumws/build/CMakeFiles/CMakeTmp/CheckSymbolExists.cxx:8:19: error: ‘Q_WS_QWS’ was not declared in this scope
   return ((int*)(&Q_WS_QWS))[argc];
                   ^
make[1]: *** [CMakeFiles/cmTryCompileExec1791798419.dir/CheckSymbolExists.cxx.o] Error 1
make[1]: Leaving directory `/home/parallels/ROSWS/tumws/build/CMakeFiles/CMakeTmp'
make: *** [cmTryCompileExec1791798419/fast] Error 2

File /home/parallels/ROSWS/tumws/build/CMakeFiles/CMakeTmp/CheckSymbolExists.cxx:
/* */
#include <QtCore/qglobal.h>

int main(int argc, char** argv)
{
  (void)argv;
#ifndef Q_WS_QWS
  return ((int*)(&Q_WS_QWS))[argc];
#else
  (void)argc;
  return 0;
#endif
}

Determining if the Q_WS_MAC exist failed with the following output:
Change Dir: /home/parallels/ROSWS/tumws/build/CMakeFiles/CMakeTmp

Run Build Command:/usr/bin/make "cmTryCompileExec3601395288/fast"
/usr/bin/make -f CMakeFiles/cmTryCompileExec3601395288.dir/build.make CMakeFiles/cmTryCompileExec3601395288.dir/build
make[1]: Entering directory `/home/parallels/ROSWS/tumws/build/CMakeFiles/CMakeTmp'
/usr/bin/cmake -E cmake_progress_report /home/parallels/ROSWS/tumws/build/CMakeFiles/CMakeTmp/CMakeFiles 1
Building CXX object CMakeFiles/cmTryCompileExec3601395288.dir/CheckSymbolExists.cxx.o
/usr/bin/c++    -I/usr/include/qt4    -o CMakeFiles/cmTryCompileExec3601395288.dir/CheckSymbolExists.cxx.o -c /home/parallels/ROSWS/tumws/build/CMakeFiles/CMakeTmp/CheckSymbolExists.cxx
/home/parallels/ROSWS/tumws/build/CMakeFiles/CMakeTmp/CheckSymbolExists.cxx: In function ‘int main(int, char**)’:
/home/parallels/ROSWS/tumws/build/CMakeFiles/CMakeTmp/CheckSymbolExists.cxx:8:19: error: ‘Q_WS_MAC’ was not declared in this scope
   return ((int*)(&Q_WS_MAC))[argc];
                   ^
make[1]: Leaving directory `/home/parallels/ROSWS/tumws/build/CMakeFiles/CMakeTmp'
make[1]: *** [CMakeFiles/cmTryCompileExec3601395288.dir/CheckSymbolExists.cxx.o] Error 1
make: *** [cmTryCompileExec3601395288/fast] Error 2

File /home/parallels/ROSWS/tumws/build/CMakeFiles/CMakeTmp/CheckSymbolExists.cxx:
/* */
#include <QtCore/qglobal.h>

int main(int argc, char** argv)
{
  (void)argv;
#ifndef Q_WS_MAC
  return ((int*)(&Q_WS_MAC))[argc];
#else
  (void)argc;
  return 0;
#endif
}

