Determining if the pthread_create exist failed with the following output:
Change Dir: /home/viki/ROSWS/arws/build/CMakeFiles/CMakeTmp

Run Build Command:/usr/bin/make "cmTryCompileExec1369466093/fast"
/usr/bin/make -f CMakeFiles/cmTryCompileExec1369466093.dir/build.make CMakeFiles/cmTryCompileExec1369466093.dir/build
make[1]: Entering directory `/home/viki/ROSWS/arws/build/CMakeFiles/CMakeTmp'
/usr/bin/cmake -E cmake_progress_report /home/viki/ROSWS/arws/build/CMakeFiles/CMakeTmp/CMakeFiles 1
Building C object CMakeFiles/cmTryCompileExec1369466093.dir/CheckSymbolExists.c.o
/usr/bin/cc    -o CMakeFiles/cmTryCompileExec1369466093.dir/CheckSymbolExists.c.o   -c /home/viki/ROSWS/arws/build/CMakeFiles/CMakeTmp/CheckSymbolExists.c
Linking C executable cmTryCompileExec1369466093
/usr/bin/cmake -E cmake_link_script CMakeFiles/cmTryCompileExec1369466093.dir/link.txt --verbose=1
/usr/bin/cc       CMakeFiles/cmTryCompileExec1369466093.dir/CheckSymbolExists.c.o  -o cmTryCompileExec1369466093 -rdynamic 
CMakeFiles/cmTryCompileExec1369466093.dir/CheckSymbolExists.c.o: In function `main':
CheckSymbolExists.c:(.text+0x16): undefined reference to `pthread_create'
collect2: error: ld returned 1 exit status
make[1]: Leaving directory `/home/viki/ROSWS/arws/build/CMakeFiles/CMakeTmp'
make[1]: *** [cmTryCompileExec1369466093] Error 1
make: *** [cmTryCompileExec1369466093/fast] Error 2

File /home/viki/ROSWS/arws/build/CMakeFiles/CMakeTmp/CheckSymbolExists.c:
/* */
#include <pthread.h>

int main(int argc, char** argv)
{
  (void)argv;
#ifndef pthread_create
  return ((int*)(&pthread_create))[argc];
#else
  (void)argc;
  return 0;
#endif
}

Determining if the function pthread_create exists in the pthreads failed with the following output:
Change Dir: /home/viki/ROSWS/arws/build/CMakeFiles/CMakeTmp

Run Build Command:/usr/bin/make "cmTryCompileExec4071238514/fast"
/usr/bin/make -f CMakeFiles/cmTryCompileExec4071238514.dir/build.make CMakeFiles/cmTryCompileExec4071238514.dir/build
make[1]: Entering directory `/home/viki/ROSWS/arws/build/CMakeFiles/CMakeTmp'
/usr/bin/cmake -E cmake_progress_report /home/viki/ROSWS/arws/build/CMakeFiles/CMakeTmp/CMakeFiles 1
Building C object CMakeFiles/cmTryCompileExec4071238514.dir/CheckFunctionExists.c.o
/usr/bin/cc   -DCHECK_FUNCTION_EXISTS=pthread_create   -o CMakeFiles/cmTryCompileExec4071238514.dir/CheckFunctionExists.c.o   -c /usr/share/cmake-2.8/Modules/CheckFunctionExists.c
Linking C executable cmTryCompileExec4071238514
/usr/bin/cmake -E cmake_link_script CMakeFiles/cmTryCompileExec4071238514.dir/link.txt --verbose=1
/usr/bin/cc   -DCHECK_FUNCTION_EXISTS=pthread_create    CMakeFiles/cmTryCompileExec4071238514.dir/CheckFunctionExists.c.o  -o cmTryCompileExec4071238514 -rdynamic -lpthreads 
/usr/bin/ld: cannot find -lpthreads
collect2: error: ld returned 1 exit status
make[1]: Leaving directory `/home/viki/ROSWS/arws/build/CMakeFiles/CMakeTmp'
make[1]: *** [cmTryCompileExec4071238514] Error 1
make: *** [cmTryCompileExec4071238514/fast] Error 2


